
Profiling started at Fri Dec 29 18:10:48 2017
Profiling stopped at Fri Dec 29 18:10:51 2017

-- OProfile/operf Statistics --
Nr. non-backtrace samples: 62574
Nr. kernel samples: 206
Nr. user space samples: 62368
Nr. samples lost due to sample address not in expected range for domain: 0
Nr. lost kernel samples: 0
Nr. samples lost due to sample file open failure: 0
Nr. samples lost due to no permanent mapping: 0
Nr. user context kernel samples lost due to no app info available: 0
Nr. user samples lost due to no app info available: 0
Nr. backtraces skipped due to no file mapping: 0
Nr. hypervisor samples dropped due to address out-of-range: 0
Nr. samples lost reported by perf_events kernel: 0

Profiling started at Fri Dec 29 18:27:52 2017
Profiling stopped at Fri Dec 29 18:27:55 2017

-- OProfile/operf Statistics --
Nr. non-backtrace samples: 61505
Nr. kernel samples: 80
Nr. user space samples: 61425
Nr. samples lost due to sample address not in expected range for domain: 0
Nr. lost kernel samples: 0
Nr. samples lost due to sample file open failure: 0
Nr. samples lost due to no permanent mapping: 0
Nr. user context kernel samples lost due to no app info available: 0
Nr. user samples lost due to no app info available: 0
Nr. backtraces skipped due to no file mapping: 0
Nr. hypervisor samples dropped due to address out-of-range: 0
Nr. samples lost reported by perf_events kernel: 0

Profiling started at Fri Dec 29 18:30:49 2017
Profiling stopped at Fri Dec 29 18:30:52 2017

-- OProfile/operf Statistics --
Nr. non-backtrace samples: 63241
Nr. kernel samples: 76
Nr. user space samples: 63165
Nr. samples lost due to sample address not in expected range for domain: 0
Nr. lost kernel samples: 0
Nr. samples lost due to sample file open failure: 0
Nr. samples lost due to no permanent mapping: 0
Nr. user context kernel samples lost due to no app info available: 0
Nr. user samples lost due to no app info available: 0
Nr. backtraces skipped due to no file mapping: 0
Nr. hypervisor samples dropped due to address out-of-range: 0
Nr. samples lost reported by perf_events kernel: 0

Profiling started at Fri Dec 29 19:30:50 2017
Profiling stopped at Fri Dec 29 19:30:53 2017

-- OProfile/operf Statistics --
Nr. non-backtrace samples: 62568
Nr. kernel samples: 75
Nr. user space samples: 62493
Nr. samples lost due to sample address not in expected range for domain: 0
Nr. lost kernel samples: 0
Nr. samples lost due to sample file open failure: 0
Nr. samples lost due to no permanent mapping: 0
Nr. user context kernel samples lost due to no app info available: 0
Nr. user samples lost due to no app info available: 0
Nr. backtraces skipped due to no file mapping: 0
Nr. hypervisor samples dropped due to address out-of-range: 0
Nr. samples lost reported by perf_events kernel: 0

Profiling started at Fri Dec 29 19:31:03 2017
Profiling stopped at Fri Dec 29 19:31:05 2017

-- OProfile/operf Statistics --
Nr. non-backtrace samples: 64012
Nr. kernel samples: 57
Nr. user space samples: 63955
Nr. samples lost due to sample address not in expected range for domain: 0
Nr. lost kernel samples: 0
Nr. samples lost due to sample file open failure: 0
Nr. samples lost due to no permanent mapping: 0
Nr. user context kernel samples lost due to no app info available: 0
Nr. user samples lost due to no app info available: 0
Nr. backtraces skipped due to no file mapping: 0
Nr. hypervisor samples dropped due to address out-of-range: 0
Nr. samples lost reported by perf_events kernel: 0

Profiling started at Fri Dec 29 19:31:07 2017
Profiling stopped at Fri Dec 29 19:31:09 2017

-- OProfile/operf Statistics --
Nr. non-backtrace samples: 63555
Nr. kernel samples: 76
Nr. user space samples: 63479
Nr. samples lost due to sample address not in expected range for domain: 0
Nr. lost kernel samples: 0
Nr. samples lost due to sample file open failure: 0
Nr. samples lost due to no permanent mapping: 0
Nr. user context kernel samples lost due to no app info available: 0
Nr. user samples lost due to no app info available: 0
Nr. backtraces skipped due to no file mapping: 0
Nr. hypervisor samples dropped due to address out-of-range: 0
Nr. samples lost reported by perf_events kernel: 0

Profiling started at Fri Dec 29 19:31:16 2017
Profiling stopped at Fri Dec 29 19:31:18 2017

-- OProfile/operf Statistics --
Nr. non-backtrace samples: 63619
Nr. kernel samples: 87
Nr. user space samples: 63532
Nr. samples lost due to sample address not in expected range for domain: 0
Nr. lost kernel samples: 0
Nr. samples lost due to sample file open failure: 0
Nr. samples lost due to no permanent mapping: 0
Nr. user context kernel samples lost due to no app info available: 0
Nr. user samples lost due to no app info available: 0
Nr. backtraces skipped due to no file mapping: 0
Nr. hypervisor samples dropped due to address out-of-range: 0
Nr. samples lost reported by perf_events kernel: 0

Profiling started at Sun Dec 31 17:16:13 2017
Profiling stopped at Sun Dec 31 17:16:20 2017

-- OProfile/operf Statistics --
Nr. non-backtrace samples: 154295
Nr. kernel samples: 2891
Nr. user space samples: 151404
Nr. samples lost due to sample address not in expected range for domain: 0
Nr. lost kernel samples: 0
Nr. samples lost due to sample file open failure: 0
Nr. samples lost due to no permanent mapping: 0
Nr. user context kernel samples lost due to no app info available: 0
Nr. user samples lost due to no app info available: 0
Nr. backtraces skipped due to no file mapping: 0
Nr. hypervisor samples dropped due to address out-of-range: 0
Nr. samples lost reported by perf_events kernel: 0

Profiling started at Sun Dec 31 17:19:16 2017
Profiling stopped at Sun Dec 31 17:19:23 2017

-- OProfile/operf Statistics --
Nr. non-backtrace samples: 153822
Nr. kernel samples: 2904
Nr. user space samples: 150918
Nr. samples lost due to sample address not in expected range for domain: 0
Nr. lost kernel samples: 0
Nr. samples lost due to sample file open failure: 0
Nr. samples lost due to no permanent mapping: 0
Nr. user context kernel samples lost due to no app info available: 0
Nr. user samples lost due to no app info available: 0
Nr. backtraces skipped due to no file mapping: 0
Nr. hypervisor samples dropped due to address out-of-range: 0
Nr. samples lost reported by perf_events kernel: 0

Profiling started at Sun Dec 31 17:20:20 2017
Profiling stopped at Sun Dec 31 17:20:27 2017

-- OProfile/operf Statistics --
Nr. non-backtrace samples: 154367
Nr. kernel samples: 2895
Nr. user space samples: 151472
Nr. samples lost due to sample address not in expected range for domain: 0
Nr. lost kernel samples: 0
Nr. samples lost due to sample file open failure: 0
Nr. samples lost due to no permanent mapping: 0
Nr. user context kernel samples lost due to no app info available: 0
Nr. user samples lost due to no app info available: 0
Nr. backtraces skipped due to no file mapping: 0
Nr. hypervisor samples dropped due to address out-of-range: 0
Nr. samples lost reported by perf_events kernel: 0

Profiling started at Sun Dec 31 17:23:27 2017
Profiling stopped at Sun Dec 31 17:23:34 2017

-- OProfile/operf Statistics --
Nr. non-backtrace samples: 154239
Nr. kernel samples: 2887
Nr. user space samples: 151352
Nr. samples lost due to sample address not in expected range for domain: 0
Nr. lost kernel samples: 0
Nr. samples lost due to sample file open failure: 0
Nr. samples lost due to no permanent mapping: 0
Nr. user context kernel samples lost due to no app info available: 0
Nr. user samples lost due to no app info available: 0
Nr. backtraces skipped due to no file mapping: 0
Nr. hypervisor samples dropped due to address out-of-range: 0
Nr. samples lost reported by perf_events kernel: 0

Profiling started at Sun Dec 31 17:27:58 2017
Profiling stopped at Sun Dec 31 17:28:05 2017

-- OProfile/operf Statistics --
Nr. non-backtrace samples: 154794
Nr. kernel samples: 2897
Nr. user space samples: 151897
Nr. samples lost due to sample address not in expected range for domain: 0
Nr. lost kernel samples: 0
Nr. samples lost due to sample file open failure: 0
Nr. samples lost due to no permanent mapping: 0
Nr. user context kernel samples lost due to no app info available: 0
Nr. user samples lost due to no app info available: 0
Nr. backtraces skipped due to no file mapping: 0
Nr. hypervisor samples dropped due to address out-of-range: 0
Nr. samples lost reported by perf_events kernel: 0

Profiling started at Sun Dec 31 17:29:41 2017
Profiling stopped at Sun Dec 31 17:29:49 2017

-- OProfile/operf Statistics --
Nr. non-backtrace samples: 155014
Nr. kernel samples: 2911
Nr. user space samples: 152103
Nr. samples lost due to sample address not in expected range for domain: 0
Nr. lost kernel samples: 0
Nr. samples lost due to sample file open failure: 0
Nr. samples lost due to no permanent mapping: 0
Nr. user context kernel samples lost due to no app info available: 0
Nr. user samples lost due to no app info available: 0
Nr. backtraces skipped due to no file mapping: 0
Nr. hypervisor samples dropped due to address out-of-range: 0
Nr. samples lost reported by perf_events kernel: 0

Profiling started at Sun Dec 31 17:32:48 2017
Profiling stopped at Sun Dec 31 17:32:55 2017

-- OProfile/operf Statistics --
Nr. non-backtrace samples: 160392
Nr. kernel samples: 2921
Nr. user space samples: 157471
Nr. samples lost due to sample address not in expected range for domain: 0
Nr. lost kernel samples: 0
Nr. samples lost due to sample file open failure: 0
Nr. samples lost due to no permanent mapping: 0
Nr. user context kernel samples lost due to no app info available: 0
Nr. user samples lost due to no app info available: 0
Nr. backtraces skipped due to no file mapping: 0
Nr. hypervisor samples dropped due to address out-of-range: 0
Nr. samples lost reported by perf_events kernel: 0

Profiling started at Sun Dec 31 17:37:11 2017
Profiling stopped at Sun Dec 31 17:37:18 2017

-- OProfile/operf Statistics --
Nr. non-backtrace samples: 159687
Nr. kernel samples: 2902
Nr. user space samples: 156785
Nr. samples lost due to sample address not in expected range for domain: 0
Nr. lost kernel samples: 0
Nr. samples lost due to sample file open failure: 0
Nr. samples lost due to no permanent mapping: 0
Nr. user context kernel samples lost due to no app info available: 0
Nr. user samples lost due to no app info available: 0
Nr. backtraces skipped due to no file mapping: 0
Nr. hypervisor samples dropped due to address out-of-range: 0
Nr. samples lost reported by perf_events kernel: 0

Profiling started at Sun Dec 31 17:39:50 2017
Profiling stopped at Sun Dec 31 17:39:58 2017

-- OProfile/operf Statistics --
Nr. non-backtrace samples: 159560
Nr. kernel samples: 2902
Nr. user space samples: 156658
Nr. samples lost due to sample address not in expected range for domain: 0
Nr. lost kernel samples: 0
Nr. samples lost due to sample file open failure: 0
Nr. samples lost due to no permanent mapping: 0
Nr. user context kernel samples lost due to no app info available: 0
Nr. user samples lost due to no app info available: 0
Nr. backtraces skipped due to no file mapping: 0
Nr. hypervisor samples dropped due to address out-of-range: 0
Nr. samples lost reported by perf_events kernel: 0

Profiling started at Sun Dec 31 17:46:59 2017
Profiling stopped at Sun Dec 31 17:47:06 2017

-- OProfile/operf Statistics --
Nr. non-backtrace samples: 159237
Nr. kernel samples: 2915
Nr. user space samples: 156322
Nr. samples lost due to sample address not in expected range for domain: 0
Nr. lost kernel samples: 0
Nr. samples lost due to sample file open failure: 0
Nr. samples lost due to no permanent mapping: 0
Nr. user context kernel samples lost due to no app info available: 0
Nr. user samples lost due to no app info available: 0
Nr. backtraces skipped due to no file mapping: 0
Nr. hypervisor samples dropped due to address out-of-range: 0
Nr. samples lost reported by perf_events kernel: 0

Profiling started at Sun Dec 31 17:48:59 2017
Profiling stopped at Sun Dec 31 17:49:06 2017

-- OProfile/operf Statistics --
Nr. non-backtrace samples: 155810
Nr. kernel samples: 2879
Nr. user space samples: 152931
Nr. samples lost due to sample address not in expected range for domain: 0
Nr. lost kernel samples: 0
Nr. samples lost due to sample file open failure: 0
Nr. samples lost due to no permanent mapping: 0
Nr. user context kernel samples lost due to no app info available: 0
Nr. user samples lost due to no app info available: 0
Nr. backtraces skipped due to no file mapping: 0
Nr. hypervisor samples dropped due to address out-of-range: 0
Nr. samples lost reported by perf_events kernel: 0

Profiling started at Sun Dec 31 17:53:19 2017
Profiling stopped at Sun Dec 31 17:53:27 2017

-- OProfile/operf Statistics --
Nr. non-backtrace samples: 161555
Nr. kernel samples: 2948
Nr. user space samples: 158607
Nr. samples lost due to sample address not in expected range for domain: 0
Nr. lost kernel samples: 0
Nr. samples lost due to sample file open failure: 0
Nr. samples lost due to no permanent mapping: 0
Nr. user context kernel samples lost due to no app info available: 0
Nr. user samples lost due to no app info available: 0
Nr. backtraces skipped due to no file mapping: 0
Nr. hypervisor samples dropped due to address out-of-range: 0
Nr. samples lost reported by perf_events kernel: 0

Profiling started at Mon Jan  1 20:29:20 2018
Profiling stopped at Mon Jan  1 20:29:31 2018

-- OProfile/operf Statistics --
Nr. non-backtrace samples: 238882
Nr. kernel samples: 1251
Nr. user space samples: 237631
Nr. samples lost due to sample address not in expected range for domain: 0
Nr. lost kernel samples: 0
Nr. samples lost due to sample file open failure: 0
Nr. samples lost due to no permanent mapping: 0
Nr. user context kernel samples lost due to no app info available: 0
Nr. user samples lost due to no app info available: 0
Nr. backtraces skipped due to no file mapping: 0
Nr. hypervisor samples dropped due to address out-of-range: 0
Nr. samples lost reported by perf_events kernel: 0

Profiling started at Mon Jan  1 20:36:59 2018
Profiling stopped at Mon Jan  1 20:37:10 2018

-- OProfile/operf Statistics --
Nr. non-backtrace samples: 231424
Nr. kernel samples: 237
Nr. user space samples: 231187
Nr. samples lost due to sample address not in expected range for domain: 0
Nr. lost kernel samples: 0
Nr. samples lost due to sample file open failure: 0
Nr. samples lost due to no permanent mapping: 0
Nr. user context kernel samples lost due to no app info available: 0
Nr. user samples lost due to no app info available: 0
Nr. backtraces skipped due to no file mapping: 0
Nr. hypervisor samples dropped due to address out-of-range: 0
Nr. samples lost reported by perf_events kernel: 0

Profiling started at Mon Jan  1 20:37:19 2018
Profiling stopped at Mon Jan  1 20:37:29 2018

-- OProfile/operf Statistics --
Nr. non-backtrace samples: 220812
Nr. kernel samples: 226
Nr. user space samples: 220586
Nr. samples lost due to sample address not in expected range for domain: 0
Nr. lost kernel samples: 0
Nr. samples lost due to sample file open failure: 0
Nr. samples lost due to no permanent mapping: 0
Nr. user context kernel samples lost due to no app info available: 0
Nr. user samples lost due to no app info available: 0
Nr. backtraces skipped due to no file mapping: 0
Nr. hypervisor samples dropped due to address out-of-range: 0
Nr. samples lost reported by perf_events kernel: 0

Profiling started at Mon Jan  1 20:38:12 2018
Profiling stopped at Mon Jan  1 20:38:22 2018

-- OProfile/operf Statistics --
Nr. non-backtrace samples: 222710
Nr. kernel samples: 369
Nr. user space samples: 222341
Nr. samples lost due to sample address not in expected range for domain: 0
Nr. lost kernel samples: 0
Nr. samples lost due to sample file open failure: 0
Nr. samples lost due to no permanent mapping: 0
Nr. user context kernel samples lost due to no app info available: 0
Nr. user samples lost due to no app info available: 0
Nr. backtraces skipped due to no file mapping: 0
Nr. hypervisor samples dropped due to address out-of-range: 0
Nr. samples lost reported by perf_events kernel: 0

Profiling started at Mon Jan  1 20:39:11 2018
Profiling stopped at Mon Jan  1 20:39:21 2018

-- OProfile/operf Statistics --
Nr. non-backtrace samples: 224424
Nr. kernel samples: 315
Nr. user space samples: 224109
Nr. samples lost due to sample address not in expected range for domain: 0
Nr. lost kernel samples: 0
Nr. samples lost due to sample file open failure: 0
Nr. samples lost due to no permanent mapping: 0
Nr. user context kernel samples lost due to no app info available: 0
Nr. user samples lost due to no app info available: 0
Nr. backtraces skipped due to no file mapping: 0
Nr. hypervisor samples dropped due to address out-of-range: 0
Nr. samples lost reported by perf_events kernel: 0

Profiling started at Mon Jan  1 20:40:46 2018
Profiling stopped at Mon Jan  1 20:40:57 2018

-- OProfile/operf Statistics --
Nr. non-backtrace samples: 228912
Nr. kernel samples: 574
Nr. user space samples: 228338
Nr. samples lost due to sample address not in expected range for domain: 0
Nr. lost kernel samples: 0
Nr. samples lost due to sample file open failure: 0
Nr. samples lost due to no permanent mapping: 0
Nr. user context kernel samples lost due to no app info available: 0
Nr. user samples lost due to no app info available: 0
Nr. backtraces skipped due to no file mapping: 0
Nr. hypervisor samples dropped due to address out-of-range: 0
Nr. samples lost reported by perf_events kernel: 0

Profiling started at Mon Jan  1 20:41:20 2018
Profiling stopped at Mon Jan  1 20:42:20 2018

-- OProfile/operf Statistics --
Nr. non-backtrace samples: 776789
Nr. kernel samples: 1609
Nr. user space samples: 775180
Nr. samples lost due to sample address not in expected range for domain: 0
Nr. lost kernel samples: 0
Nr. samples lost due to sample file open failure: 0
Nr. samples lost due to no permanent mapping: 0
Nr. user context kernel samples lost due to no app info available: 0
Nr. user samples lost due to no app info available: 0
Nr. backtraces skipped due to no file mapping: 0
Nr. hypervisor samples dropped due to address out-of-range: 0
Nr. samples lost reported by perf_events kernel: 0

Profiling started at Mon Jan  1 20:47:33 2018
Profiling stopped at Mon Jan  1 20:47:40 2018

-- OProfile/operf Statistics --
Nr. non-backtrace samples: 170514
Nr. kernel samples: 758
Nr. user space samples: 169756
Nr. samples lost due to sample address not in expected range for domain: 0
Nr. lost kernel samples: 0
Nr. samples lost due to sample file open failure: 0
Nr. samples lost due to no permanent mapping: 0
Nr. user context kernel samples lost due to no app info available: 0
Nr. user samples lost due to no app info available: 0
Nr. backtraces skipped due to no file mapping: 0
Nr. hypervisor samples dropped due to address out-of-range: 0
Nr. samples lost reported by perf_events kernel: 0

Profiling started at Mon Jan  1 20:51:14 2018
Profiling stopped at Mon Jan  1 20:51:42 2018

-- OProfile/operf Statistics --
Nr. non-backtrace samples: 541813
Nr. kernel samples: 1115
Nr. user space samples: 540698
Nr. samples lost due to sample address not in expected range for domain: 0
Nr. lost kernel samples: 0
Nr. samples lost due to sample file open failure: 0
Nr. samples lost due to no permanent mapping: 0
Nr. user context kernel samples lost due to no app info available: 0
Nr. user samples lost due to no app info available: 0
Nr. backtraces skipped due to no file mapping: 0
Nr. hypervisor samples dropped due to address out-of-range: 0
Nr. samples lost reported by perf_events kernel: 0
